Estimated HPWL: 183418079.91
3 Modules Intersection: poly ((7696, 9939), (7593, 9939), (7593, 9830), (7696, 9830), (7696, 9939), )

3 Modules Intersection: poly ((7015, 6567), (6908, 6567), (6908, 6458), (7015, 6458), (7015, 6567), )

3 Modules Intersection: poly ((5852, 5188), (5747, 5188), (5747, 5143), (5852, 5143), (5852, 5188), )

3 Modules Intersection: poly ((5525, 7982), (5422, 7982), (5422, 7966), (5525, 7966), (5525, 7982), )

has 3 overlapped? 1
print to file...outputs/transform_test.txt
Performing split...
Painting Fixed Tessera to Canvas:
PAD_D0: Tiles->1, Overlaps->1
PAD_D1: Tiles->2, Overlaps->1
PAD_D2: Tiles->1, Overlaps->1
PAD_D3: Tiles->1, Overlaps->1
PAD_U0: Tiles->3, Overlaps->4
print DEBUGS to file...outputs/debug.txt
Painting Soft Tessera to Canvas:
COM: Tiles->5, Overlaps->6
GPU: Tiles->9, Overlaps->8
CPU: Tiles->8, Overlaps->5
NPU: Tiles->3, Overlaps->2
IS0: Tiles->4, Overlaps->3
IS1: Tiles->4, Overlaps->3
H0: Tiles->6, Overlaps->9
H1: Tiles->4, Overlaps->6
H2: Tiles->3, Overlaps->5
U0: Tiles->2, Overlaps->4
D0: Tiles->2, Overlaps->4
D1: Tiles->3, Overlaps->3
E0: Tiles->2, Overlaps->4
A0: Tiles->3, Overlaps->4
PW0: Tiles->4, Overlaps->6
print to file...outputs/cornerStiching.txt
MaxFlow Solved. Flow = 3968752
[MFL] ERROR: overlap not resolved between PAD_U0 and COM 
Overlap area: 11227 Flow Amnt: 0
[MFL] ERROR: overlap not resolved between GPU and H0 
Overlap area: 11663 Flow Amnt: 0
[MFL] ERROR: overlap not resolved between GPU and H0 
Overlap area: 2180 Flow Amnt: 0
[MFL] ERROR: overlap not resolved between H0 and A0 
Overlap area: 1648 Flow Amnt: 0
[MFL] ERROR: overlap not resolved between H1 and H2 
Overlap area: 4725 Flow Amnt: 0
 ======= MaxFlow Result Report ======= 
OverlapTileFlows:
Type: BLOCK (8700, 9830) W=2056 H=383
------303318------[TOP]------------->Type: BLANK (8700, 10213) W=2567 H=237
Type: BLOCK (7593, 7808) W=3054 H=846
------121128------[LEFT]------------->Type: BLANK (7035, 7158) W=558 H=913
Type: BLOCK (7593, 7158) W=3163 H=650
------341604------[LEFT]------------->Type: BLANK (7035, 7158) W=558 H=913
Type: BLOCK (7696, 9608) W=3060 H=222
------305636------[RIGHT]------------->Type: BLANK (10756, 9608) W=511 H=605
Type: BLOCK (6908, 3210) W=3739 H=90
------44799------[LEFT]------------->Type: BLANK (4475, 3210) W=2433 H=494
Type: BLOCK (6908, 5188) W=4359 H=746
------162886------[LEFT]------------->Type: BLANK (6642, 5188) W=266 H=746
Type: BLOCK (6908, 3300) W=4359 H=404
------346170------[LEFT]------------->Type: BLANK (4475, 3210) W=2433 H=494
Type: BLOCK (2, 6568) W=4473 H=882
------79647------[RIGHT]------------->Type: BLANK (4475, 7349) W=417 H=191
Type: BLOCK (2, 6568) W=4473 H=882
------79141------[RIGHT]------------->Type: BLANK (4475, 6568) W=947 H=781
Type: BLOCK (620, 3210) W=3855 H=90
------84836------[RIGHT]------------->Type: BLANK (4475, 3210) W=2433 H=494
Type: BLOCK (2, 3300) W=4473 H=1784
------8512------[LEFT]------------->Type: BLANK (0, 3300) W=2 H=4256
Type: BLOCK (2, 3300) W=4473 H=1784
------125594------[RIGHT]------------->Type: BLANK (4475, 3704) W=1054 H=1380
Type: BLOCK (620, 7800) W=2837 H=528
------218566------[RIGHT]------------->Type: BLANK (3457, 7556) W=651 H=772
Type: BLOCK (457, 9600) W=2897 H=850
------293400------[LEFT]------------->Type: BLANK (0, 9600) W=457 H=850
Type: BLOCK (457, 7556) W=3000 H=244
------111508------[LEFT]------------->Type: BLANK (0, 7556) W=457 H=244
Type: BLOCK (457, 7556) W=3000 H=244
------206492------[RIGHT]------------->Type: BLANK (3457, 7556) W=651 H=772
Type: BLOCK (3457, 9293) W=2019 H=1157
------104220------[RIGHT]------------->Type: BLANK (5476, 9830) W=524 H=620
Type: BLOCK (5422, 6568) W=1486 H=590
------47300------[LEFT]------------->Type: BLANK (4475, 6568) W=947 H=781
Type: BLOCK (5422, 7158) W=1613 H=191
------138608------[LEFT]------------->Type: BLANK (4475, 6568) W=947 H=781
Type: BLOCK (5525, 7349) W=1510 H=617
------18720------[RIGHT]------------->Type: BLANK (7035, 7158) W=558 H=913
Type: BLOCK (4475, 5084) W=1054 H=104
------9810------[DOWN]------------->Type: BLANK (4475, 3704) W=1054 H=1380
Type: BLOCK (4475, 6038) W=1377 H=420
------89250------[RIGHT]------------->Type: BLANK (5852, 6038) W=530 H=420
Type: BLOCK (5529, 3704) W=1379 H=1380
------19057------[DOWN]------------->Type: BLANK (4475, 3210) W=2433 H=494
Type: BLOCK (6382, 6038) W=526 H=420
------97826------[LEFT]------------->Type: BLANK (5852, 6038) W=530 H=420
Type: BLOCK (5852, 5188) W=790 H=746
------35550------[RIGHT]------------->Type: BLANK (6642, 5188) W=266 H=746
Type: BLOCK (4108, 7556) W=784 H=426
------5872------[LEFT]------------->Type: BLANK (3457, 7556) W=651 H=772
Type: BLOCK (4108, 7982) W=895 H=346
------71642------[LEFT]------------->Type: BLANK (3457, 7556) W=651 H=772
Type: BLOCK (4108, 7982) W=895 H=346
------24123------[RIGHT]------------->Type: BLANK (5003, 7982) W=365 H=346
Type: BLOCK (6411, 9293) W=1182 H=537
------310314------[LEFT]------------->Type: BLANK (5476, 9293) W=935 H=537
Type: BLOCK (4892, 7349) W=530 H=191
------49062------[DOWN]------------->Type: BLANK (4475, 6568) W=947 H=781
Type: BLOCK (5368, 8071) W=1327 H=257
------101303------[LEFT]------------->Type: BLANK (5003, 7982) W=365 H=346
Type: BLOCK (5368, 8071) W=1327 H=257
------11994------[RIGHT]------------->Type: BLANK (6695, 8071) W=898 H=583
Type: BLOCK (5368, 7982) W=54 H=89
------864------[LEFT]------------->Type: BLANK (5003, 7982) W=365 H=346
