<<<<<<< HEAD
Estimated HPWL: 21218154.40
3 Modules Intersection: poly ((1281, 1145), (1240, 1145), (1240, 1122), (1281, 1122), (1281, 1145), )

3 Modules Intersection: poly ((2224, 300), (2185, 300), (2185, 259), (2224, 259), (2224, 300), )

3 Modules Intersection: poly ((3674, 2845), (3636, 2845), (3636, 2805), (3674, 2805), (3674, 2845), )

3 Modules Intersection: poly ((3675, 1675), (3636, 1675), (3636, 1635), (3675, 1635), (3675, 1675), )

3 Modules Intersection: poly ((3676, 2619), (3636, 2619), (3636, 2579), (3676, 2579), (3676, 2619), )

3 Modules Intersection: poly ((400, 1145), (360, 1145), (360, 1122), (400, 1122), (400, 1145), )

has 3 overlapped? 1
print to file...outputs/transform_test.txt
Performing split...
Painting Fixed Tessera to Canvas:
=======
 ___      _     _          _     
|_ _|_ __(_)___| |    __ _| |__  
 | || '__| / __| |   / _` | '_ \ 
 | || |  | \__ \ |__| (_| | |_) |
|___|_|  |_|___/_____\__,_|_.__/ 

ICCAD Contest 2023
Problem D: Fixed-Outline Floorplanning with Rectilinear Soft Blocks


==========================================================================
Phase One: Global Floorplanning Phase                                    |
==========================================================================
Set push force = 20000.000000
Estimated HPWL: 19549102.00
Set push force = 40000.00
Estimated HPWL: 19400522.00
Set push force = 60000.00
Estimated HPWL: 20029790.00
Set push force = 80000.00
Estimated HPWL: 20581372.00
Set push force = 100000.00
Estimated HPWL: 20675638.00
Set push force = 120000.00
Estimated HPWL: 19462316.00
Set push force = 160000.00
Estimated HPWL: 19834134.00
Set push force = 200000.00
Estimated HPWL: 21177276.00

------------------------------------------------------
Phase One Report                                     |
Time Elapsed: 44.48 (s)                              |
------------------------------------------------------
Estimated HPWL in Global Phase: 19400522.00
Multiple Tile overlap (>3) count: 0
print to file...outputs/phase1.txt


==========================================================================
Phase Two: Extracting geographical information to IR                     |
==========================================================================
2.1 Performing split ...done!
2.2 Painting All Tesserae to CanvasPainting Fixed Tessera to Canvas:
>>>>>>> orange
PAD0: Tiles->1, Overlaps->0
PAD1: Tiles->3, Overlaps->4
PAD2: Tiles->1, Overlaps->3
PAD3: Tiles->2, Overlaps->1
PAD4: Tiles->1, Overlaps->0
PAD5: Tiles->1, Overlaps->0
PAD6: Tiles->1, Overlaps->0
<<<<<<< HEAD
PAD7: Tiles->2, Overlaps->2
print DEBUGS to file...outputs/debug.txt
=======
PAD7: Tiles->2, Overlaps->1
>>>>>>> orange
Painting Soft Tessera to Canvas:
MCL: Tiles->3, Overlaps->2
DCL: Tiles->4, Overlaps->3
GNA: Tiles->3, Overlaps->7
IPU: Tiles->3, Overlaps->5
MCC: Tiles->3, Overlaps->7
CPU0: Tiles->4, Overlaps->3
CPU1: Tiles->6, Overlaps->7
RA: Tiles->6, Overlaps->4
ME0: Tiles->3, Overlaps->6
ME1: Tiles->2, Overlaps->4
GAM: Tiles->3, Overlaps->2
TMU0: Tiles->4, Overlaps->8
TMU1: Tiles->4, Overlaps->5
EU0: Tiles->1, Overlaps->3
EU1: Tiles->2, Overlaps->2
<<<<<<< HEAD
GCL: Tiles->5, Overlaps->6
print to file...outputs/cornerStiching.txt
MaxFlow Solved. Flow = 502619
[MFL] ERROR: overlap not resolved between PAD1 and MCC 
Overlap area: 1599 Flow Amnt: 0
[MFL] ERROR: overlap not resolved between PAD1 and CPU1 
Overlap area: 1044 Flow Amnt: 0
[MFL] ERROR: overlap not resolved between PAD2 and GNA 
Overlap area: 920 Flow Amnt: 0
[MFL] ERROR: overlap not resolved between GNA and IPU 
Overlap area: 943 Flow Amnt: 0
[MFL] ERROR: overlap not resolved between GNA and IPU 
Overlap area: 19320 Flow Amnt: 0
[MFL] ERROR: overlap not resolved between ME0 and TMU0 
Overlap area: 1520 Flow Amnt: 0
[MFL] ERROR: overlap not resolved between ME0 and TMU0 
Overlap area: 1600 Flow Amnt: 0
 ======= MaxFlow Result Report ======= 
OverlapTileFlows:
Type: BLOCK (917, 3158) W=623 H=142
------38223------[LEFT]------------->Type: BLANK (200, 3158) W=717 H=62
Type: BLOCK (1377, 1302) W=1243 H=702
------16965------[LEFT]------------->Type: BLANK (1282, 1263) W=95 H=741
Type: BLOCK (400, 1243) W=882 H=257
------4116------[RIGHT]------------->Type: BLANK (1282, 1263) W=95 H=741
Type: BLOCK (360, 1500) W=922 H=504
------30240------[LEFT]------------->Type: BLANK (300, 1500) W=60 H=504
Type: BLOCK (360, 1500) W=922 H=504
------20840------[RIGHT]------------->Type: BLANK (1282, 1263) W=95 H=741
Type: BLOCK (360, 224) W=921 H=35
------8000------[DOWN]------------->Type: BLANK (0, 220) W=2000 H=4
Type: BLOCK (360, 224) W=921 H=35
------27383------[LEFT]------------->Type: BLANK (0, 224) W=360 H=576
Type: BLOCK (360, 259) W=880 H=541
------12880------[LEFT]------------->Type: BLANK (0, 224) W=360 H=576
Type: BLOCK (1282, 1122) W=903 H=121
------23------[TOP]------------->Type: BLANK (1282, 1243) W=903 H=20
Type: BLOCK (1281, 259) W=719 H=41
------7585------[DOWN]------------->Type: BLANK (1281, 224) W=719 H=35
Type: BLOCK (2110, 2506) W=1027 H=339
------20910------[LEFT]------------->Type: BLANK (1420, 2506) W=690 H=611
Type: BLOCK (2110, 2845) W=1044 H=455
------14820------[LEFT]------------->Type: BLANK (1420, 2506) W=690 H=611
Type: BLOCK (2185, 1243) W=1003 H=19
------18037------[LEFT]------------->Type: BLANK (1282, 1243) W=903 H=20
Type: BLOCK (2224, 300) W=1005 H=522
------59945------[RIGHT]------------->Type: BLANK (3229, 300) W=1391 H=522
Type: BLOCK (266, 2506) W=1154 H=611
------21586------[LEFT]------------->Type: BLANK (0, 2150) W=266 H=850
Type: BLOCK (266, 2150) W=1111 H=356
------4964------[LEFT]------------->Type: BLANK (0, 2150) W=266 H=850
Type: BLOCK (3674, 2845) W=815 H=452
------80------[RIGHT]------------->Type: BLANK (4489, 2619) W=131 H=813
Type: BLOCK (3636, 3297) W=853 H=135
------17176------[TOP]------------->Type: BLANK (3154, 3432) W=1466 H=77
Type: BLOCK (3676, 2619) W=813 H=226
------39960------[RIGHT]------------->Type: BLANK (4489, 2619) W=131 H=813
Type: BLOCK (3188, 1302) W=853 H=333
------3663------[LEFT]------------->Type: BLANK (3177, 1302) W=11 H=333
Type: BLOCK (3188, 1302) W=853 H=333
------50137------[RIGHT]------------->Type: BLANK (4041, 822) W=579 H=813
Type: BLOCK (2750, 2174) W=427 H=132
------7626------[LEFT]------------->Type: BLANK (2620, 1988) W=130 H=427
Type: BLOCK (3137, 2415) W=499 H=50
------4360------[LEFT]------------->Type: BLANK (2620, 2415) W=517 H=50
Type: BLOCK (3136, 1754) W=500 H=234
------4879------[LEFT]------------->Type: BLANK (2620, 1754) W=516 H=234
Type: BLOCK (3182, 2845) W=454 H=452
------18160------[TOP]------------->Type: BLANK (3154, 3297) W=482 H=135
Type: BLOCK (2685, 1302) W=492 H=333
------19680------[LEFT]------------->Type: BLANK (2620, 1302) W=65 H=452
Type: BLOCK (3636, 2174) W=984 H=132
------30381------[LEFT]------------->Type: BLANK (3177, 2174) W=459 H=132
=======
GCL: Tiles->3, Overlaps->2
2.3 Start combinable tile search, 0 candidates found

print to file...outputs/phase2_1.txt

------------------------------------------------------
Phase Two Report                                     |
Time Elapsed: 0.00 (s)                               |
------------------------------------------------------
print to file...outputs/phase2.txt


==========================================================================
Phase Three: Overlap distribution                                        |
==========================================================================
MaxFlow Solved. Flow = 465972
 ======= MaxFlow Result Report ======= 
OverlapTileFlows:
Type: BLOCK (901, 3218) W=525 H=42
------1402------[LEFT]------------->Type: BLANK (200, 3218) W=701 H=2
Type: BLOCK (901, 3218) W=525 H=42
------58100------[LEFT]------------->Type: BLANK (0, 3220) W=901 H=80
Type: BLOCK (901, 3260) W=623 H=40
------13980------[LEFT]------------->Type: BLANK (0, 3220) W=901 H=80
Type: BLOCK (901, 3260) W=623 H=40
------13554------[RIGHT]------------->Type: BLANK (1524, 3260) W=1076 H=40
Type: BLOCK (300, 2098) W=1023 H=52
------54243------[RIGHT]------------->Type: BLANK (1323, 2106) W=103 H=971
Type: BLOCK (80, 2150) W=1243 H=850
------64660------[LEFT]------------->Type: BLANK (0, 2150) W=80 H=850
Type: BLOCK (882, 1185) W=493 H=76
------3879------[LEFT]------------->Type: BLANK (400, 1185) W=482 H=315
Type: BLOCK (882, 1261) W=922 H=714
------36465------[LEFT]------------->Type: BLANK (400, 1185) W=482 H=315
Type: BLOCK (392, 264) W=921 H=536
------3080------[DOWN]------------->Type: BLANK (0, 220) W=2000 H=44
Type: BLOCK (1375, 300) W=984 H=803
------8257------[LEFT]------------->Type: BLANK (1313, 277) W=62 H=899
Type: BLOCK (2600, 2637) W=1044 H=1036
------4568------[TOP]------------->Type: BLANK (2150, 3673) W=2470 H=67
Type: BLOCK (2034, 1261) W=1044 H=523
------51350------[LEFT]------------->Type: BLANK (1804, 1261) W=230 H=837
Type: BLOCK (2359, 1230) W=719 H=31
------29337------[RIGHT]------------->Type: BLANK (3078, 1230) W=494 H=75
Type: BLOCK (1426, 2147) W=1154 H=930
------22386------[LEFT]------------->Type: BLANK (1323, 2106) W=103 H=971
Type: BLOCK (3073, 2147) W=853 H=373
------1815------[LEFT]------------->Type: BLANK (2580, 2147) W=493 H=482
Type: BLOCK (3078, 1897) W=848 H=250
------40002------[RIGHT]------------->Type: BLANK (3926, 1956) W=120 H=539
Type: BLOCK (2847, 789) W=853 H=124
------8652------[LEFT]------------->Type: BLANK (2359, 789) W=488 H=314
Type: BLOCK (3856, 2637) W=492 H=375
------8190------[TOP]------------->Type: BLANK (3644, 3012) W=976 H=661
Type: BLOCK (2376, 300) W=492 H=77
------1476------[LEFT]------------->Type: BLANK (2359, 300) W=17 H=489
Type: BLOCK (3572, 1230) W=984 H=554
------7713------[LEFT]------------->Type: BLANK (3078, 1230) W=494 H=75
Type: BLOCK (3572, 1230) W=984 H=554
------13237------[LEFT]------------->Type: BLANK (3541, 1305) W=31 H=427
Type: BLOCK (3572, 1230) W=984 H=554
------19626------[LEFT]------------->Type: BLANK (3078, 1732) W=494 H=52

------------------------------------------------------
Phase Three Report                                   |
Time Elapsed: 0.00 (s)                               |
------------------------------------------------------


==========================================================================
Phase Four: Physical Overlap distribution                                |
==========================================================================

------------------------------------------------------
Phase Four Report                                    |
Time Elapsed: 0.00 (s)                               |
------------------------------------------------------
>>>>>>> orange
